*** Using Compiler 'V6.22', folder: 'C:\tools\keil5\ARM\ARMCLANG\Bin'
Rebuild target 'BLDC'
assembling startup_stm32f407xx.s...
compiling usart.c...
compiling stm32f4xx_hal.c...
compiling stm32f4xx_hal_cortex.c...
compiling system_stm32f4xx.c...
compiling stm32f4xx_it.c...
../../User/main.c(55): warning: illegal character encoding in string literal [-Winvalid-source-encoding]
   55 |     printf("<B0><B4><CF><C2>KEY0 <BF><AA>ʼ<D5><FD>ת<BC><D3><CB><D9>\r\n");
      |             ^~~~~~~~~~~~~~~~     ~~~~~~~~ ~~~~~~~~ ~~~~~~~~~~~~~~~~
../../User/main.c(56): warning: illegal character encoding in string literal [-Winvalid-source-encoding]
   56 |     printf("<B0><B4><CF><C2>KEY1 <BF><AA>ʼ<B7><B4>ת<BC><D3><CB><D9>\r\n");
      |             ^~~~~~~~~~~~~~~~     ~~~~~~~~ ~~~~~~~~ ~~~~~~~~~~~~~~~~
../../User/main.c(57): warning: illegal character encoding in string literal [-Winvalid-source-encoding]
   57 |     printf("<B0><B4><CF><C2>KEY2 ֹͣ<B5><E7><BB><FA>\r\n");
      |             ^~~~~~~~~~~~~~~~     ~~~~~~~~~~~~~~~~
../../User/main.c(59): warning: illegal character encoding in string literal [-Winvalid-source-encoding]
   59 |                 printf("<B2><E2><CA><D4>\r\n");
      |                         ^~~~~~~~~~~~~~~~
4 warnings generated.
compiling main.c...
compiling delay.c...
compiling stm32f4xx_hal_dma.c...
compiling sys.c...
compiling stm32f4xx_hal_gpio.c...
compiling stm32f4xx_hal_rcc.c...
compiling stm32f4xx_hal_rcc_ex.c...
compiling stm32f4xx_hal_pwr_ex.c...
compiling stm32f4xx_hal_pwr.c...
compiling stm32f4xx_hal_dma_ex.c...
compiling led.c...
compiling stm32f4xx_ll_fsmc.c...
compiling stm32f4xx_hal_sram.c...
compiling stm32f4xx_hal_usart.c...
compiling key.c...
compiling stm32f4xx_hal_uart.c...
compiling stm32f4xx_hal_tim_ex.c...
compiling bldc.c...
compiling bldc_tim.c...
compiling stm32f4xx_hal_tim.c...
compiling lcd.c...
linking...
Program Size: Code=43826 RO-data=12842 RW-data=88 ZI-data=1688  
FromELF: creating hex file...
"..\..\Output\atk_f407.axf" - 0 Error(s), 4 Warning(s).
Build Time Elapsed:  00:00:01
